<?xml version="1.0" encoding="UTF-8"?>
<!-- Generated by org.testng.reporters.JUnitReportReporter -->
<testsuite skipped="0" hostname="AniketS-PC" name="com.gittest.Gittestmaven.Test1" tests="1" failures="0" timestamp="07 Mar 2019 15:18:22 GMT" time="12.615" errors="0">
  <testcase name="tests" time="12.615" classname="com.gittest.Gittestmaven.Test1"/>
</testsuite> <!-- com.gittest.Gittestmaven.Test1 -->
